2025-06-07 19:37:52 [main] INFO  com.mplatform.framework.utiltests.ExtentReportOpsTests.class - OnTestStart - Invoked at every test method
2025-06-07 19:37:52 [main] INFO  com.mplatform.framework.utiltests.ExtentReportOpsTests.class - test class ============================= >>>com.mplatform.framework.utiltests.ExtentReportOpsTests.class
2025-06-07 19:37:52 [main] INFO  com.mplatform.framework.utiltests.ExtentReportOpsTests.class - test started ============================= >>>>>>>>>>>>createTestReporterTest
2025-06-07 19:37:56 [main] INFO  com.mplatform.framework.utiltests.ExtentReportOpsTests.class - OnTestSuccess - Invoked at every test method success
2025-06-07 19:37:57 [main] INFO  com.mplatform.framework.pagefactory.webapp.saucedemotests.LoginPageTests.class - OnTestStart - Invoked at every test method
2025-06-07 19:37:57 [main] INFO  com.mplatform.framework.pagefactory.webapp.saucedemotests.LoginPageTests.class - test class ============================= >>>com.mplatform.framework.pagefactory.webapp.saucedemotests.LoginPageTests.class
2025-06-07 19:37:57 [main] INFO  com.mplatform.framework.pagefactory.webapp.saucedemotests.LoginPageTests.class - test started ============================= >>>>>>>>>>>>loginTest
2025-06-07 19:37:58 [main] INFO  com.mplatform.framework.pagefactory.webapp.saucedemotests.LoginPageTests.class - logging checks
2025-06-07 19:37:59 [main] INFO  com.mplatform.framework.pagefactory.webapp.saucedemotests.LoginPageTests.class - OnTestSuccess - Invoked at every test method success
2025-06-07 19:37:59 [main] INFO  com.mplatform.framework.utiltests.ExtentReportOpsTests.class - OnTestStart - Invoked at every test method
2025-06-07 19:37:59 [main] INFO  com.mplatform.framework.utiltests.ExtentReportOpsTests.class - test class ============================= >>>com.mplatform.framework.utiltests.ExtentReportOpsTests.class
2025-06-07 19:37:59 [main] INFO  com.mplatform.framework.utiltests.ExtentReportOpsTests.class - test started ============================= >>>>>>>>>>>>createTestReporterTest
2025-06-07 19:38:01 [main] INFO  com.mplatform.framework.utiltests.ExtentReportOpsTests.class - OnTestSuccess - Invoked at every test method success
2025-06-09 21:37:42 [main] INFO  com.mplatform.framework.utiltests.ExtentReportOpsTests.class - OnTestStart - Invoked at every test method
2025-06-09 21:37:42 [main] INFO  com.mplatform.framework.utiltests.ExtentReportOpsTests.class - test class ============================= >>>com.mplatform.framework.utiltests.ExtentReportOpsTests.class
2025-06-09 21:37:42 [main] INFO  com.mplatform.framework.utiltests.ExtentReportOpsTests.class - test started ============================= >>>>>>>>>>>>createTestReporterTest
2025-06-09 21:37:48 [main] INFO  com.mplatform.framework.utiltests.ExtentReportOpsTests.class - OnTestSuccess - Invoked at every test method success
2025-06-09 21:37:49 [main] INFO  com.mplatform.framework.pagefactory.webapp.saucedemotests.LoginPageTests.class - OnTestStart - Invoked at every test method
2025-06-09 21:37:49 [main] INFO  com.mplatform.framework.pagefactory.webapp.saucedemotests.LoginPageTests.class - test class ============================= >>>com.mplatform.framework.pagefactory.webapp.saucedemotests.LoginPageTests.class
2025-06-09 21:37:49 [main] INFO  com.mplatform.framework.pagefactory.webapp.saucedemotests.LoginPageTests.class - test started ============================= >>>>>>>>>>>>loginTest
2025-06-09 21:37:53 [main] INFO  com.mplatform.framework.pagefactory.webapp.saucedemotests.LoginPageTests.class - logging checks
2025-06-09 21:37:53 [main] INFO  com.mplatform.framework.pagefactory.webapp.saucedemotests.LoginPageTests.class - OnTestSuccess - Invoked at every test method success
2025-06-09 21:37:54 [main] INFO  com.mplatform.framework.utiltests.ExtentReportOpsTests.class - OnTestStart - Invoked at every test method
2025-06-09 21:37:54 [main] INFO  com.mplatform.framework.utiltests.ExtentReportOpsTests.class - test class ============================= >>>com.mplatform.framework.utiltests.ExtentReportOpsTests.class
2025-06-09 21:37:54 [main] INFO  com.mplatform.framework.utiltests.ExtentReportOpsTests.class - test started ============================= >>>>>>>>>>>>createTestReporterTest
2025-06-09 21:37:57 [main] INFO  com.mplatform.framework.utiltests.ExtentReportOpsTests.class - OnTestSuccess - Invoked at every test method success
2025-06-09 21:38:31 [main] INFO  com.mplatform.framework.utiltests.ExtentReportOpsTests.class - OnTestStart - Invoked at every test method
2025-06-09 21:38:31 [main] INFO  com.mplatform.framework.utiltests.ExtentReportOpsTests.class - test class ============================= >>>com.mplatform.framework.utiltests.ExtentReportOpsTests.class
2025-06-09 21:38:31 [main] INFO  com.mplatform.framework.utiltests.ExtentReportOpsTests.class - test started ============================= >>>>>>>>>>>>createTestReporterTest
2025-06-09 21:38:35 [main] INFO  com.mplatform.framework.utiltests.ExtentReportOpsTests.class - OnTestSuccess - Invoked at every test method success
2025-06-09 21:38:36 [main] INFO  com.mplatform.framework.pagefactory.webapp.saucedemotests.LoginPageTests.class - OnTestStart - Invoked at every test method
2025-06-09 21:38:36 [main] INFO  com.mplatform.framework.pagefactory.webapp.saucedemotests.LoginPageTests.class - test class ============================= >>>com.mplatform.framework.pagefactory.webapp.saucedemotests.LoginPageTests.class
2025-06-09 21:38:36 [main] INFO  com.mplatform.framework.pagefactory.webapp.saucedemotests.LoginPageTests.class - test started ============================= >>>>>>>>>>>>loginTest
2025-06-09 21:38:40 [main] INFO  com.mplatform.framework.pagefactory.webapp.saucedemotests.LoginPageTests.class - logging checks
2025-06-09 21:38:40 [main] INFO  com.mplatform.framework.pagefactory.webapp.saucedemotests.LoginPageTests.class - OnTestSuccess - Invoked at every test method success
2025-06-09 21:38:41 [main] INFO  com.mplatform.framework.utiltests.ExtentReportOpsTests.class - OnTestStart - Invoked at every test method
2025-06-09 21:38:41 [main] INFO  com.mplatform.framework.utiltests.ExtentReportOpsTests.class - test class ============================= >>>com.mplatform.framework.utiltests.ExtentReportOpsTests.class
2025-06-09 21:38:41 [main] INFO  com.mplatform.framework.utiltests.ExtentReportOpsTests.class - test started ============================= >>>>>>>>>>>>createTestReporterTest
2025-06-09 21:38:50 [main] INFO  com.mplatform.framework.utiltests.ExtentReportOpsTests.class - OnTestSuccess - Invoked at every test method success
2025-06-09 22:15:34 [main] INFO  com.mplatform.framework.utiltests.ExtentReportOpsTests.class - OnTestStart - Invoked at every test method
2025-06-09 22:15:34 [main] INFO  com.mplatform.framework.utiltests.ExtentReportOpsTests.class - test class ============================= >>>com.mplatform.framework.utiltests.ExtentReportOpsTests.class
2025-06-09 22:15:34 [main] INFO  com.mplatform.framework.utiltests.ExtentReportOpsTests.class - test started ============================= >>>>>>>>>>>>createTestReporterTest
2025-06-09 22:15:39 [main] INFO  com.mplatform.framework.utiltests.ExtentReportOpsTests.class - OnTestSuccess - Invoked at every test method success
2025-06-09 22:15:40 [main] INFO  com.mplatform.framework.pagefactory.webapp.saucedemotests.LoginPageTests.class - OnTestStart - Invoked at every test method
2025-06-09 22:15:40 [main] INFO  com.mplatform.framework.pagefactory.webapp.saucedemotests.LoginPageTests.class - test class ============================= >>>com.mplatform.framework.pagefactory.webapp.saucedemotests.LoginPageTests.class
2025-06-09 22:15:40 [main] INFO  com.mplatform.framework.pagefactory.webapp.saucedemotests.LoginPageTests.class - test started ============================= >>>>>>>>>>>>loginTest
2025-06-09 22:15:43 [main] INFO  com.mplatform.framework.pagefactory.webapp.saucedemotests.LoginPageTests.class - logging checks
2025-06-09 22:15:44 [main] INFO  com.mplatform.framework.pagefactory.webapp.saucedemotests.LoginPageTests.class - OnTestSuccess - Invoked at every test method success
2025-06-09 22:15:44 [main] INFO  com.mplatform.framework.utiltests.ExtentReportOpsTests.class - OnTestStart - Invoked at every test method
2025-06-09 22:15:44 [main] INFO  com.mplatform.framework.utiltests.ExtentReportOpsTests.class - test class ============================= >>>com.mplatform.framework.utiltests.ExtentReportOpsTests.class
2025-06-09 22:15:44 [main] INFO  com.mplatform.framework.utiltests.ExtentReportOpsTests.class - test started ============================= >>>>>>>>>>>>createTestReporterTest
2025-06-09 22:15:48 [main] INFO  com.mplatform.framework.utiltests.ExtentReportOpsTests.class - OnTestSuccess - Invoked at every test method success
